<?xml version="1.0" encoding="UTF-8"?>
<!-- Generated by org.testng.reporters.JUnitXMLReporter -->
<testsuite hostname="C02PQD8JG8WP" ignored="0" name="Envision Functional Test" tests="6" failures="0" timestamp="11 Sep 2018 12:41:20 GMT" time="5.221" errors="0">
  <testcase name="f" time="0.0" classname="com.mycom.git.testRestApi"/>
  <testcase name="f" time="0.0" classname="com.mycom.git.testRestApi"/>
  <testcase name="firstf" time="0.001" classname="com.mycom.git.testRestApi"/>
  <testcase name="getBodyAndHeadTest" time="2.915" classname="com.mycom.git.testRestApi"/>
  <testcase name="secondf" time="1.162" classname="com.mycom.git.testRestApi"/>
  <testcase name="testPost" time="1.115" classname="com.mycom.git.testRestApi"/>
</testsuite> <!-- Envision Functional Test -->
