<?xml version="1.0" encoding="UTF-8"?>
<testng-results skipped="0" failed="0" ignored="0" total="6" passed="6">
  <reporter-output>
  </reporter-output>
  <suite name="Default suite" duration-ms="8945" started-at="2018-09-11T11:25:26Z" finished-at="2018-09-11T11:25:35Z">
    <groups>
    </groups>
    <test name="Default test" duration-ms="8945" started-at="2018-09-11T11:25:26Z" finished-at="2018-09-11T11:25:35Z">
      <class name="com.mycom.git.testRestApi">
        <test-method status="PASS" signature="beforeClass()[pri:0, instance:com.mycom.git.testRestApi@5c3bd550]" name="beforeClass" is-config="true" duration-ms="8" started-at="2018-09-11T11:25:26Z" finished-at="2018-09-11T11:25:26Z">
          <reporter-output>
          </reporter-output>
        </test-method> <!-- beforeClass -->
        <test-method status="PASS" signature="f(java.lang.Integer, java.lang.String)[pri:0, instance:com.mycom.git.testRestApi@5c3bd550]" name="f" duration-ms="4" started-at="2018-09-11T11:25:26Z" data-provider="dp" finished-at="2018-09-11T11:25:26Z">
          <params>
            <param index="0">
              <value>
                <![CDATA[1]]>
              </value>
            </param>
            <param index="1">
              <value>
                <![CDATA[a]]>
              </value>
            </param>
          </params>
          <reporter-output>
          </reporter-output>
        </test-method> <!-- f -->
        <test-method status="PASS" signature="f(java.lang.Integer, java.lang.String)[pri:0, instance:com.mycom.git.testRestApi@5c3bd550]" name="f" duration-ms="1" started-at="2018-09-11T11:25:26Z" data-provider="dp" finished-at="2018-09-11T11:25:26Z">
          <params>
            <param index="0">
              <value>
                <![CDATA[2]]>
              </value>
            </param>
            <param index="1">
              <value>
                <![CDATA[b]]>
              </value>
            </param>
          </params>
          <reporter-output>
          </reporter-output>
        </test-method> <!-- f -->
        <test-method status="PASS" signature="firstf()[pri:0, instance:com.mycom.git.testRestApi@5c3bd550]" name="firstf" duration-ms="1" started-at="2018-09-11T11:25:26Z" finished-at="2018-09-11T11:25:26Z">
          <reporter-output>
          </reporter-output>
        </test-method> <!-- firstf -->
        <test-method status="PASS" signature="getBodyAndHeadTest()[pri:0, instance:com.mycom.git.testRestApi@5c3bd550]" name="getBodyAndHeadTest" duration-ms="6150" started-at="2018-09-11T11:25:26Z" finished-at="2018-09-11T11:25:32Z">
          <reporter-output>
          </reporter-output>
        </test-method> <!-- getBodyAndHeadTest -->
        <test-method status="PASS" signature="secondf()[pri:0, instance:com.mycom.git.testRestApi@5c3bd550]" name="secondf" duration-ms="1703" started-at="2018-09-11T11:25:32Z" finished-at="2018-09-11T11:25:34Z">
          <reporter-output>
          </reporter-output>
        </test-method> <!-- secondf -->
        <test-method status="PASS" signature="testPost()[pri:0, instance:com.mycom.git.testRestApi@5c3bd550]" name="testPost" duration-ms="1052" started-at="2018-09-11T11:25:34Z" finished-at="2018-09-11T11:25:35Z">
          <reporter-output>
          </reporter-output>
        </test-method> <!-- testPost -->
        <test-method status="PASS" signature="afterClass()[pri:0, instance:com.mycom.git.testRestApi@5c3bd550]" name="afterClass" is-config="true" duration-ms="0" started-at="2018-09-11T11:25:35Z" finished-at="2018-09-11T11:25:35Z">
          <reporter-output>
          </reporter-output>
        </test-method> <!-- afterClass -->
      </class> <!-- com.mycom.git.testRestApi -->
    </test> <!-- Default test -->
  </suite> <!-- Default suite -->
</testng-results>
